This is pdfTeX, Version 3.141592653-2.6-1.40.22 (TeX Live 2021) (preloaded format=pdflatex 2022.3.3)  26 NOV 2022 19:58
entering extended mode
 restricted \write18 enabled.
 %&-line parsing enabled.
**Cluster_volatility_20221126.tex
(./Cluster_volatility_20221126.tex
LaTeX2e <2020-10-01> patch level 4
L3 programming layer <2021-02-18>
(/usr/local/texlive/2021/texmf-dist/tex/latex/elsarticle/elsarticle.cls
Document Class: elsarticle 2020/11/20, 3.3: Elsevier Ltd
(/usr/local/texlive/2021/texmf-dist/tex/latex/l3kernel/expl3.sty
Package: expl3 2021-02-18 L3 programming layer (loader) 

(/usr/local/texlive/2021/texmf-dist/tex/latex/l3backend/l3backend-pdftex.def
File: l3backend-pdftex.def 2021-03-18 L3 backend support: PDF output (pdfTeX)
\l__color_backend_stack_int=\count179
\l__pdf_internal_box=\box47
))
(/usr/local/texlive/2021/texmf-dist/tex/latex/l3packages/xparse/xparse.sty
(/usr/local/texlive/2021/texmf-dist/tex/latex/l3packages/xparse/xparse-2020-10-
01.sty
(/usr/local/texlive/2021/texmf-dist/tex/latex/l3packages/xparse/xparse-generic.
tex))) (/usr/local/texlive/2021/texmf-dist/tex/latex/etoolbox/etoolbox.sty
Package: etoolbox 2020/10/05 v2.5k e-TeX tools for LaTeX (JAW)
\etb@tempcnta=\count180
)
\@bls=\dimen138

(/usr/local/texlive/2021/texmf-dist/tex/latex/base/article.cls
Document Class: article 2020/04/10 v1.4m Standard LaTeX document class
(/usr/local/texlive/2021/texmf-dist/tex/latex/base/size12.clo
File: size12.clo 2020/04/10 v1.4m Standard LaTeX file (size option)
)
\c@part=\count181
\c@section=\count182
\c@subsection=\count183
\c@subsubsection=\count184
\c@paragraph=\count185
\c@subparagraph=\count186
\c@figure=\count187
\c@table=\count188
\abovecaptionskip=\skip47
\belowcaptionskip=\skip48
\bibindent=\dimen139
)
(/usr/local/texlive/2021/texmf-dist/tex/latex/graphics/graphicx.sty
Package: graphicx 2020/09/09 v1.2b Enhanced LaTeX Graphics (DPC,SPQR)

(/usr/local/texlive/2021/texmf-dist/tex/latex/graphics/keyval.sty
Package: keyval 2014/10/28 v1.15 key=value parser (DPC)
\KV@toks@=\toks15
)
(/usr/local/texlive/2021/texmf-dist/tex/latex/graphics/graphics.sty
Package: graphics 2020/08/30 v1.4c Standard LaTeX Graphics (DPC,SPQR)

(/usr/local/texlive/2021/texmf-dist/tex/latex/graphics/trig.sty
Package: trig 2016/01/03 v1.10 sin cos tan (DPC)
)
(/usr/local/texlive/2021/texmf-dist/tex/latex/graphics-cfg/graphics.cfg
File: graphics.cfg 2016/06/04 v1.11 sample graphics configuration
)
Package graphics Info: Driver file: pdftex.def on input line 105.

(/usr/local/texlive/2021/texmf-dist/tex/latex/graphics-def/pdftex.def
File: pdftex.def 2020/10/05 v1.2a Graphics/color driver for pdftex
))
\Gin@req@height=\dimen140
\Gin@req@width=\dimen141
)
\c@tnote=\count189
\c@fnote=\count190
\c@cnote=\count191
\c@ead=\count192
\c@author=\count193
\@eadauthor=\toks16
\c@affn=\count194
\absbox=\box48
\elsarticlehighlightsbox=\box49
\elsarticlegrabsbox=\box50
\keybox=\box51
\Columnwidth=\dimen142
\space@left=\dimen143
\els@boxa=\box52
\els@boxb=\box53
\leftMargin=\dimen144
\@enLab=\toks17
\@sep=\skip49
\@@sep=\skip50

(./Cluster_volatility_20221126.spl)
(/usr/local/texlive/2021/texmf-dist/tex/latex/natbib/natbib.sty
Package: natbib 2010/09/13 8.31b (PWD, AO)
\bibhang=\skip51
\bibsep=\skip52
LaTeX Info: Redefining \cite on input line 694.
\c@NAT@ctr=\count195
)
\splwrite=\write3
\openout3 = `Cluster_volatility_20221126.spl'.

\appnamewidth=\dimen145
)
(/usr/local/texlive/2021/texmf-dist/tex/latex/mmap/mmap.sty
Package: mmap 2008/08/11 v1.03 CMAP support for math in PDF

(/usr/local/texlive/2021/texmf-dist/tex/latex/cmap/cmap.sty
Package: cmap 2021/02/06 v1.0j CMap support: searchable PDF
)
(/usr/local/texlive/2021/texmf-dist/tex/generic/iftex/ifpdf.sty
Package: ifpdf 2019/10/25 v3.4 ifpdf legacy package. Use iftex instead.

(/usr/local/texlive/2021/texmf-dist/tex/generic/iftex/iftex.sty
Package: iftex 2020/03/06 v1.0d TeX engine tests
)))
(/usr/local/texlive/2021/texmf-dist/tex/latex/amsfonts/amsfonts.sty
Package: amsfonts 2013/01/14 v3.01 Basic AMSFonts support
\@emptytoks=\toks18
\symAMSa=\mathgroup4
\symAMSb=\mathgroup5
LaTeX Font Info:    Redeclaring math symbol \hbar on input line 98.
LaTeX Font Info:    Overwriting math alphabet `\mathfrak' in version `bold'
(Font)                  U/euf/m/n --> U/euf/b/n on input line 106.
)
(/usr/local/texlive/2021/texmf-dist/tex/latex/amsmath/amsmath.sty
Package: amsmath 2020/09/23 v2.17i AMS math features
\@mathmargin=\skip53

For additional information on amsmath, use the `?' option.
(/usr/local/texlive/2021/texmf-dist/tex/latex/amsmath/amstext.sty
Package: amstext 2000/06/29 v2.01 AMS text

(/usr/local/texlive/2021/texmf-dist/tex/latex/amsmath/amsgen.sty
File: amsgen.sty 1999/11/30 v2.0 generic functions
\@emptytoks=\toks19
\ex@=\dimen146
))
(/usr/local/texlive/2021/texmf-dist/tex/latex/amsmath/amsbsy.sty
Package: amsbsy 1999/11/29 v1.2d Bold Symbols
\pmbraise@=\dimen147
)
(/usr/local/texlive/2021/texmf-dist/tex/latex/amsmath/amsopn.sty
Package: amsopn 2016/03/08 v2.02 operator names
)
\inf@bad=\count196
LaTeX Info: Redefining \frac on input line 234.
\uproot@=\count197
\leftroot@=\count198
LaTeX Info: Redefining \overline on input line 399.
\classnum@=\count199
\DOTSCASE@=\count266
LaTeX Info: Redefining \ldots on input line 496.
LaTeX Info: Redefining \dots on input line 499.
LaTeX Info: Redefining \cdots on input line 620.
\Mathstrutbox@=\box54
\strutbox@=\box55
\big@size=\dimen148
LaTeX Font Info:    Redeclaring font encoding OML on input line 743.
LaTeX Font Info:    Redeclaring font encoding OMS on input line 744.
\macc@depth=\count267
\c@MaxMatrixCols=\count268
\dotsspace@=\muskip16
\c@parentequation=\count269
\dspbrk@lvl=\count270
\tag@help=\toks20
\row@=\count271
\column@=\count272
\maxfields@=\count273
\andhelp@=\toks21
\eqnshift@=\dimen149
\alignsep@=\dimen150
\tagshift@=\dimen151
\tagwidth@=\dimen152
\totwidth@=\dimen153
\lineht@=\dimen154
\@envbody=\toks22
\multlinegap=\skip54
\multlinetaggap=\skip55
\mathdisplay@stack=\toks23
LaTeX Info: Redefining \[ on input line 2923.
LaTeX Info: Redefining \] on input line 2924.
)
(/usr/local/texlive/2021/texmf-dist/tex/latex/amsfonts/amssymb.sty
Package: amssymb 2013/01/14 v3.01 AMS font symbols
)
(/usr/local/texlive/2021/texmf-dist/tex/latex/amscls/amsthm.sty
Package: amsthm 2020/05/29 v2.20.6
\thm@style=\toks24
\thm@bodyfont=\toks25
\thm@headfont=\toks26
\thm@notefont=\toks27
\thm@headpunct=\toks28
\thm@preskip=\skip56
\thm@postskip=\skip57
\thm@headsep=\skip58
\dth@everypar=\toks29
LaTeX Info: Redefining \qed on input line 273.
)
(/usr/local/texlive/2021/texmf-dist/tex/latex/bbm-macros/bbm.sty
Package: bbm 1999/03/15 V 1.2 provides fonts for set symbols - TH
LaTeX Font Info:    Overwriting math alphabet `\mathbbm' in version `bold'
(Font)                  U/bbm/m/n --> U/bbm/bx/n on input line 33.
LaTeX Font Info:    Overwriting math alphabet `\mathbbmss' in version `bold'
(Font)                  U/bbmss/m/n --> U/bbmss/bx/n on input line 35.
)
(/usr/local/texlive/2021/texmf-dist/tex/latex/graphics/color.sty
Package: color 2020/02/24 v1.2b Standard LaTeX Color (DPC)

(/usr/local/texlive/2021/texmf-dist/tex/latex/graphics-cfg/color.cfg
File: color.cfg 2016/01/02 v1.6 sample color configuration
)
Package color Info: Driver file: pdftex.def on input line 147.
)
(/usr/local/texlive/2021/texmf-dist/tex/latex/setspace/setspace.sty
Package: setspace 2011/12/19 v6.7a set line spacing
)
(/usr/local/texlive/2021/texmf-dist/tex/latex/ragged2e/ragged2e.sty
Package: ragged2e 2021/02/05 v3.0 ragged2e Package

(/usr/local/texlive/2021/texmf-dist/tex/latex/everysel/everysel.sty
Package: everysel 2021/01/20 v2.1 EverySelectfont Package (MS)

(/usr/local/texlive/2021/texmf-dist/tex/latex/everysel/everysel-2011-10-28.sty)
)
\CenteringLeftskip=\skip59
\RaggedLeftLeftskip=\skip60
\RaggedRightLeftskip=\skip61
\CenteringRightskip=\skip62
\RaggedLeftRightskip=\skip63
\RaggedRightRightskip=\skip64
\CenteringParfillskip=\skip65
\RaggedLeftParfillskip=\skip66
\RaggedRightParfillskip=\skip67
\JustifyingParfillskip=\skip68
\CenteringParindent=\skip69
\RaggedLeftParindent=\skip70
\RaggedRightParindent=\skip71
\JustifyingParindent=\skip72
)
\c@theorem=\count274
\c@assumption=\count275
\c@example=\count276
 (/usr/local/texlive/2021/texmf-dist/tex/latex/subfigure/subfigure.sty
Package: subfigure 2002/03/15 v2.1.5 subfigure package
\subfigtopskip=\skip73
\subfigcapskip=\skip74
\subfigcaptopadj=\dimen155
\subfigbottomskip=\skip75
\subfigcapmargin=\dimen156
\subfiglabelskip=\skip76
\c@subfigure=\count277
\c@lofdepth=\count278
\c@subtable=\count279
\c@lotdepth=\count280

****************************************
* Local config file subfigure.cfg used *
****************************************
(/usr/local/texlive/2021/texmf-dist/tex/latex/subfigure/subfigure.cfg)
\subfig@top=\skip77
\subfig@bottom=\skip78
)
(/usr/local/texlive/2021/texmf-dist/tex/latex/paralist/paralist.sty
Package: paralist 2017/01/22 v2.7 Extended list environments
\pltopsep=\skip79
\plpartopsep=\skip80
\plitemsep=\skip81
\plparsep=\skip82
\pl@lab=\toks30
)
(/usr/local/texlive/2021/texmf-dist/tex/latex/tools/longtable.sty
Package: longtable 2020/01/07 v4.13 Multi-page Table package (DPC)
\LTleft=\skip83
\LTright=\skip84
\LTpre=\skip85
\LTpost=\skip86
\LTchunksize=\count281
\LTcapwidth=\dimen157
\LT@head=\box56
\LT@firsthead=\box57
\LT@foot=\box58
\LT@lastfoot=\box59
\LT@cols=\count282
\LT@rows=\count283
\c@LT@tables=\count284
\c@LT@chunks=\count285
\LT@p@ftn=\toks31
)
(/usr/local/texlive/2021/texmf-dist/tex/latex/multirow/multirow.sty
Package: multirow 2021/03/15 v2.8 Span multiple rows of a table
\multirow@colwidth=\skip87
\multirow@cntb=\count286
\multirow@dima=\skip88
\bigstrutjot=\dimen158
)
(/usr/local/texlive/2021/texmf-dist/tex/generic/ulem/ulem.sty
\UL@box=\box60
\UL@hyphenbox=\box61
\UL@skip=\skip89
\UL@hook=\toks32
\UL@height=\dimen159
\UL@pe=\count287
\UL@pixel=\dimen160
\ULC@box=\box62
Package: ulem 2019/11/18
\ULdepth=\dimen161
)
(/usr/local/texlive/2021/texmf-dist/tex/latex/base/ifthen.sty
Package: ifthen 2014/09/29 v1.1c Standard LaTeX ifthen package (DPC)
)
(/usr/local/texlive/2021/texmf-dist/tex/latex/booktabs/booktabs.sty
Package: booktabs 2020/01/12 v1.61803398 Publication quality tables
\heavyrulewidth=\dimen162
\lightrulewidth=\dimen163
\cmidrulewidth=\dimen164
\belowrulesep=\dimen165
\belowbottomsep=\dimen166
\aboverulesep=\dimen167
\abovetopsep=\dimen168
\cmidrulesep=\dimen169
\cmidrulekern=\dimen170
\defaultaddspace=\dimen171
\@cmidla=\count288
\@cmidlb=\count289
\@aboverulesep=\dimen172
\@belowrulesep=\dimen173
\@thisruleclass=\count290
\@lastruleclass=\count291
\@thisrulewidth=\dimen174
)
(/usr/local/texlive/2021/texmf-dist/tex/latex/threeparttable/threeparttable.sty
Package: threeparttable 2003/06/13  v 3.0
\@tempboxb=\box63
) (/usr/local/texlive/2021/texmf-dist/tex/latex/graphics/rotating.sty
Package: rotating 2016/08/11 v2.16d rotated objects in LaTeX
\c@r@tfl@t=\count292
\rotFPtop=\skip90
\rotFPbot=\skip91
\rot@float@box=\box64
\rot@mess@toks=\toks33
)
(/usr/local/texlive/2021/texmf-dist/tex/latex/graphics/epsfig.sty
Package: epsfig 2017/06/25 v1.7b (e)psfig emulation (SPQR)
\epsfxsize=\dimen175
\epsfysize=\dimen176
)
(/usr/local/texlive/2021/texmf-dist/tex/latex/epstopdf-pkg/epstopdf.sty
Package: epstopdf 2020-01-24 v2.11 Conversion with epstopdf on the fly (HO)

(/usr/local/texlive/2021/texmf-dist/tex/generic/infwarerr/infwarerr.sty
Package: infwarerr 2019/12/03 v1.5 Providing info/warning/error messages (HO)
)
(/usr/local/texlive/2021/texmf-dist/tex/latex/grfext/grfext.sty
Package: grfext 2019/12/03 v1.3 Manage graphics extensions (HO)

(/usr/local/texlive/2021/texmf-dist/tex/generic/kvdefinekeys/kvdefinekeys.sty
Package: kvdefinekeys 2019-12-19 v1.6 Define keys (HO)
)) (/usr/local/texlive/2021/texmf-dist/tex/latex/kvoptions/kvoptions.sty
Package: kvoptions 2020-10-07 v3.14 Key value format for package options (HO)

(/usr/local/texlive/2021/texmf-dist/tex/generic/ltxcmds/ltxcmds.sty
Package: ltxcmds 2020-05-10 v1.25 LaTeX kernel commands for general use (HO)
)
(/usr/local/texlive/2021/texmf-dist/tex/generic/kvsetkeys/kvsetkeys.sty
Package: kvsetkeys 2019/12/15 v1.18 Key value parser (HO)
))
(/usr/local/texlive/2021/texmf-dist/tex/generic/pdftexcmds/pdftexcmds.sty
Package: pdftexcmds 2020-06-27 v0.33 Utility functions of pdfTeX for LuaTeX (HO
)
Package pdftexcmds Info: \pdf@primitive is available.
Package pdftexcmds Info: \pdf@ifprimitive is available.
Package pdftexcmds Info: \pdfdraftmode found.
)
(/usr/local/texlive/2021/texmf-dist/tex/latex/epstopdf-pkg/epstopdf-base.sty
Package: epstopdf-base 2020-01-24 v2.11 Base part for package epstopdf
Package epstopdf-base Info: Redefining graphics rule for `.eps' on input line 4
85.
Package grfext Info: Graphics extension search list:
(grfext)             [.pdf,.png,.jpg,.mps,.jpeg,.jbig2,.jb2,.PDF,.PNG,.JPG,.JPE
G,.JBIG2,.JB2,.eps]
(grfext)             \AppendGraphicsExtensions on input line 504.

(/usr/local/texlive/2021/texmf-dist/tex/latex/latexconfig/epstopdf-sys.cfg
File: epstopdf-sys.cfg 2010/07/13 v1.3 Configuration of (r)epstopdf for TeX Liv
e
)))
(/usr/local/texlive/2021/texmf-dist/tex/latex/hyperref/hyperref.sty
Package: hyperref 2021-02-27 v7.00k Hypertext links for LaTeX

(/usr/local/texlive/2021/texmf-dist/tex/generic/pdfescape/pdfescape.sty
Package: pdfescape 2019/12/09 v1.15 Implements pdfTeX's escape features (HO)
)
(/usr/local/texlive/2021/texmf-dist/tex/latex/hycolor/hycolor.sty
Package: hycolor 2020-01-27 v1.10 Color options for hyperref/bookmark (HO)
)
(/usr/local/texlive/2021/texmf-dist/tex/latex/letltxmacro/letltxmacro.sty
Package: letltxmacro 2019/12/03 v1.6 Let assignment for LaTeX macros (HO)
)
(/usr/local/texlive/2021/texmf-dist/tex/latex/auxhook/auxhook.sty
Package: auxhook 2019-12-17 v1.6 Hooks for auxiliary files (HO)
)
\@linkdim=\dimen177
\Hy@linkcounter=\count293
\Hy@pagecounter=\count294

(/usr/local/texlive/2021/texmf-dist/tex/latex/hyperref/pd1enc.def
File: pd1enc.def 2021-02-27 v7.00k Hyperref: PDFDocEncoding definition (HO)
Now handling font encoding PD1 ...
... no UTF-8 mapping file for font encoding PD1
)
(/usr/local/texlive/2021/texmf-dist/tex/latex/hyperref/hyperref-langpatches.def
File: hyperref-langpatches.def 2021-02-27 v7.00k Hyperref: patches for babel la
nguages
) (/usr/local/texlive/2021/texmf-dist/tex/generic/intcalc/intcalc.sty
Package: intcalc 2019/12/15 v1.3 Expandable calculations with integers (HO)
)
(/usr/local/texlive/2021/texmf-dist/tex/generic/etexcmds/etexcmds.sty
Package: etexcmds 2019/12/15 v1.7 Avoid name clashes with e-TeX commands (HO)
)
\Hy@SavedSpaceFactor=\count295

(/usr/local/texlive/2021/texmf-dist/tex/latex/hyperref/puenc.def
File: puenc.def 2021-02-27 v7.00k Hyperref: PDF Unicode definition (HO)
Now handling font encoding PU ...
... no UTF-8 mapping file for font encoding PU
)
Package hyperref Info: Hyper figures OFF on input line 4192.
Package hyperref Info: Link nesting OFF on input line 4197.
Package hyperref Info: Hyper index ON on input line 4200.
Package hyperref Info: Plain pages OFF on input line 4207.
Package hyperref Info: Backreferencing OFF on input line 4212.
Package hyperref Info: Implicit mode ON; LaTeX internals redefined.
Package hyperref Info: Bookmarks ON on input line 4445.
\c@Hy@tempcnt=\count296

(/usr/local/texlive/2021/texmf-dist/tex/latex/url/url.sty
\Urlmuskip=\muskip17
Package: url 2013/09/16  ver 3.4  Verb mode for urls, etc.
)
LaTeX Info: Redefining \url on input line 4804.
\XeTeXLinkMargin=\dimen178

(/usr/local/texlive/2021/texmf-dist/tex/generic/bitset/bitset.sty
Package: bitset 2019/12/09 v1.3 Handle bit-vector datatype (HO)

(/usr/local/texlive/2021/texmf-dist/tex/generic/bigintcalc/bigintcalc.sty
Package: bigintcalc 2019/12/15 v1.5 Expandable calculations on big integers (HO
)
))
\Fld@menulength=\count297
\Field@Width=\dimen179
\Fld@charsize=\dimen180
Package hyperref Info: Hyper figures OFF on input line 6075.
Package hyperref Info: Link nesting OFF on input line 6080.
Package hyperref Info: Hyper index ON on input line 6083.
Package hyperref Info: backreferencing OFF on input line 6090.
Package hyperref Info: Link coloring OFF on input line 6095.
Package hyperref Info: Link coloring with OCG OFF on input line 6100.
Package hyperref Info: PDF/A mode OFF on input line 6105.
LaTeX Info: Redefining \ref on input line 6145.
LaTeX Info: Redefining \pageref on input line 6149.

(/usr/local/texlive/2021/texmf-dist/tex/latex/base/atbegshi-ltx.sty
Package: atbegshi-ltx 2020/08/17 v1.0a Emulation of the original atbegshi packa
ge
with kernel methods
)
\Hy@abspage=\count298
\c@Item=\count299
\c@Hfootnote=\count300
)
Package hyperref Info: Driver (autodetected): hpdftex.

(/usr/local/texlive/2021/texmf-dist/tex/latex/hyperref/hpdftex.def
File: hpdftex.def 2021-02-27 v7.00k Hyperref driver for pdfTeX

(/usr/local/texlive/2021/texmf-dist/tex/latex/base/atveryend-ltx.sty
Package: atveryend-ltx 2020/08/19 v1.0a Emulation of the original atvery packag
e
with kernel methods
)
\Fld@listcount=\count301
\c@bookmark@seq@number=\count302

(/usr/local/texlive/2021/texmf-dist/tex/latex/rerunfilecheck/rerunfilecheck.sty
Package: rerunfilecheck 2019/12/05 v1.9 Rerun checks for auxiliary files (HO)

(/usr/local/texlive/2021/texmf-dist/tex/generic/uniquecounter/uniquecounter.sty
Package: uniquecounter 2019/12/15 v1.4 Provide unlimited unique counter (HO)
)
Package uniquecounter Info: New unique counter `rerunfilecheck' on input line 2
86.
)
\Hy@SectionHShift=\skip92
)<<ot1.cmap>> (./Cluster_volatility_20221126.aux)
\openout1 = `Cluster_volatility_20221126.aux'.

LaTeX Font Info:    Checking defaults for OML/cmm/m/it on input line 79.
LaTeX Font Info:    ... okay on input line 79.
LaTeX Font Info:    Checking defaults for OMS/cmsy/m/n on input line 79.
LaTeX Font Info:    ... okay on input line 79.
LaTeX Font Info:    Checking defaults for OT1/cmr/m/n on input line 79.
LaTeX Font Info:    ... okay on input line 79.
LaTeX Font Info:    Checking defaults for T1/cmr/m/n on input line 79.
LaTeX Font Info:    ... okay on input line 79.
LaTeX Font Info:    Checking defaults for TS1/cmr/m/n on input line 79.
LaTeX Font Info:    ... okay on input line 79.
LaTeX Font Info:    Checking defaults for OMX/cmex/m/n on input line 79.
LaTeX Font Info:    ... okay on input line 79.
LaTeX Font Info:    Checking defaults for U/cmr/m/n on input line 79.
LaTeX Font Info:    ... okay on input line 79.
LaTeX Font Info:    Checking defaults for PD1/pdf/m/n on input line 79.
LaTeX Font Info:    ... okay on input line 79.
LaTeX Font Info:    Checking defaults for PU/pdf/m/n on input line 79.
LaTeX Font Info:    ... okay on input line 79.

(/usr/local/texlive/2021/texmf-dist/tex/context/base/mkii/supp-pdf.mkii
[Loading MPS to PDF converter (version 2006.09.02).]
\scratchcounter=\count303
\scratchdimen=\dimen181
\scratchbox=\box65
\nofMPsegments=\count304
\nofMParguments=\count305
\everyMPshowfont=\toks34
\MPscratchCnt=\count306
\MPscratchDim=\dimen182
\MPnumerator=\count307
\makeMPintoPDFobject=\count308
\everyMPtoPDFconversion=\toks35
) ABD: EverySelectfont initializing macros
LaTeX Info: Redefining \selectfont on input line 79.
Package hyperref Info: Link coloring OFF on input line 79.

(/usr/local/texlive/2021/texmf-dist/tex/latex/hyperref/nameref.sty
Package: nameref 2021-04-02 v2.47 Cross-referencing by name of section

(/usr/local/texlive/2021/texmf-dist/tex/latex/refcount/refcount.sty
Package: refcount 2019/12/15 v3.6 Data extraction from label references (HO)
)
(/usr/local/texlive/2021/texmf-dist/tex/generic/gettitlestring/gettitlestring.s
ty
Package: gettitlestring 2019/12/15 v1.6 Cleanup title references (HO)
)
\c@section@level=\count309
)
LaTeX Info: Redefining \ref on input line 79.
LaTeX Info: Redefining \pageref on input line 79.
LaTeX Info: Redefining \nameref on input line 79.
 (./Cluster_volatility_20221126.out) (./Cluster_volatility_20221126.out)
\@outlinefile=\write4
\openout4 = `Cluster_volatility_20221126.out'.

<<ot1rmn.cmap>><<omlmit.cmap>><<oms.cmap>>
LaTeX Font Info:    OMX-m encoding encountered on input line 124.
<<omx.cmap>>
LaTeX Font Info:    OMX-m encoding encountered on input line 124.
LaTeX Font Info:    OMX-m encoding encountered on input line 124.
LaTeX Font Info:    Trying to load font information for U+msa on input line 124
.

(/usr/local/texlive/2021/texmf-dist/tex/latex/amsfonts/umsa.fd
File: umsa.fd 2013/01/14 v3.01 AMS symbols A
)<<umsa.cmap>>
LaTeX Font Info:    Trying to load font information for U+msb on input line 124
.

(/usr/local/texlive/2021/texmf-dist/tex/latex/amsfonts/umsb.fd
File: umsb.fd 2013/01/14 v3.01 AMS symbols B
)<<umsb.cmap>>
Overfull \hbox (2.61108pt too wide) has occurred while \output is active
[] 
 []

[1


{/usr/local/texlive/2021/texmf-var/fonts/map/pdftex/updmap/pdftex.map}]
LaTeX Font Info:    OMX-m encoding encountered on input line 124.
LaTeX Font Info:    OMX-m encoding encountered on input line 124.
LaTeX Font Info:    OMX-m encoding encountered on input line 124.

[2] [3] [4] [5] [6]
LaTeX Font Info:    Trying to load font information for U+bbm on input line 311
.

(/usr/local/texlive/2021/texmf-dist/tex/latex/bbm-macros/ubbm.fd
File: ubbm.fd 1999/03/15 V 1.2 Font definition for bbm font - TH
)

Package mmap Warning: !!! No .cmap file found for ubbm !!!  on input line 311.

[7] [8] [9] [10] [11] [12] [13] [14] [15] [16] [17] [18] [19] [20] [21]
[22] [23] [24] [25] [26] [27]
Underfull \hbox (badness 2027) in paragraph at lines 1090--1091
[]\OT1/cmr/m/n/10 Note: Codes can be found in []$\OT1/cmtt/m/n/10 https : / / g
ithub . com / wzj5163 /
 []


Underfull \hbox (badness 10000) in paragraph at lines 1090--1091
\OT1/cmtt/m/n/10 Cluster-[]partition-[]volatility / tree / main / Insample _
 []

[28

]
Underfull \hbox (badness 6157) in paragraph at lines 1120--1121
[]\OT1/cmr/m/n/10 Note: Codes can be found in []$\OT1/cmtt/m/n/10 https : / / g
ithub . com / wzj5163 /
 []


Underfull \hbox (badness 10000) in paragraph at lines 1120--1121
\OT1/cmtt/m/n/10 Cluster-[]partition-[]volatility / tree / main / Insample _ es
timation /
 []

[29]
Underfull \hbox (badness 2662) in paragraph at lines 1153--1157
[]\OT1/cmr/m/n/10 Notes: This ta-ble re-ports the mean losses of the dif-fer-en
t volatil-
 []


Underfull \hbox (badness 4846) in paragraph at lines 1153--1157
\OT1/cmr/m/n/10 ity mod-els over the in-sample pe-riod with re-spect to two val
-u-a-
 []


Underfull \hbox (badness 5091) in paragraph at lines 1153--1157
\OT1/cmr/m/n/10 tion cri-te-ria (MAE and RMSE). Codes can be found in []$\OT1/c
mtt/m/n/10 https :
 []


Underfull \hbox (badness 10000) in paragraph at lines 1153--1157
\OT1/cmtt/m/n/10 / / github . com / wzj5163 / Cluster-[]partition-[]volatility 
/ tree / main /
 []

[30]
Underfull \hbox (badness 2409) in paragraph at lines 1188--1190
[]\OT1/cmr/m/n/10 Notes: This ta-ble re-ports the mean losses of the dif-fer-en
t volatil-
 []


Underfull \hbox (badness 1881) in paragraph at lines 1188--1190
\OT1/cmr/m/n/10 ity mod-els over the out-of-sample pe-riod with re-spect to two
 MAE
 []


Underfull \hbox (badness 1502) in paragraph at lines 1188--1190
\OT1/cmr/m/n/10 and RMSE. The val-ues in bold face in-di-cate best-performing m
od-els
 []


Underfull \hbox (badness 1472) in paragraph at lines 1188--1190
\OT1/cmr/m/n/10 in []$\OT1/cmtt/m/n/10 https : / / github . com / wzj5163 / Clu
ster-[]partition-[]volatility / tree /
 []

[31]
Overfull \hbox (39.84245pt too wide) in paragraph at lines 1196--1217
 [] 
 []

[32] [33]
Overfull \vbox (29.73352pt too high) has occurred while \output is active []


[34]
Overfull \vbox (12.9336pt too high) has occurred while \output is active []


[35]
Underfull \hbox (badness 2409) in paragraph at lines 1347--1349
[]\OT1/cmr/m/n/10 Notes: This ta-ble re-ports the mean losses of the dif-fer-en
t volatil-
 []


Underfull \hbox (badness 1881) in paragraph at lines 1347--1349
\OT1/cmr/m/n/10 ity mod-els over the out-of-sample pe-riod with re-spect to two
 MAE
 []


Underfull \hbox (badness 1502) in paragraph at lines 1347--1349
\OT1/cmr/m/n/10 and RMSE. The val-ues in bold face in-di-cate best-performing m
od-els
 []


Underfull \hbox (badness 1472) in paragraph at lines 1347--1349
\OT1/cmr/m/n/10 in []$\OT1/cmtt/m/n/10 https : / / github . com / wzj5163 / Clu
ster-[]partition-[]volatility / tree /
 []


Underfull \hbox (badness 2409) in paragraph at lines 1380--1382
[]\OT1/cmr/m/n/10 Notes: This ta-ble re-ports the mean losses of the dif-fer-en
t volatil-
 []


Underfull \hbox (badness 1881) in paragraph at lines 1380--1382
\OT1/cmr/m/n/10 ity mod-els over the out-of-sample pe-riod with re-spect to two
 MAE
 []


Underfull \hbox (badness 1502) in paragraph at lines 1380--1382
\OT1/cmr/m/n/10 and RMSE. The val-ues in bold face in-di-cate best-performing m
od-els
 []


Underfull \hbox (badness 1472) in paragraph at lines 1380--1382
\OT1/cmr/m/n/10 in []$\OT1/cmtt/m/n/10 https : / / github . com / wzj5163 / Clu
ster-[]partition-[]volatility / tree /
 []

[36]
Underfull \hbox (badness 2409) in paragraph at lines 1413--1415
[]\OT1/cmr/m/n/10 Notes: This ta-ble re-ports the mean losses of the dif-fer-en
t volatil-
 []


Underfull \hbox (badness 1881) in paragraph at lines 1413--1415
\OT1/cmr/m/n/10 ity mod-els over the out-of-sample pe-riod with re-spect to two
 MAE
 []


Underfull \hbox (badness 1502) in paragraph at lines 1413--1415
\OT1/cmr/m/n/10 and RMSE. The val-ues in bold face in-di-cate best-performing m
od-els
 []


Underfull \hbox (badness 1472) in paragraph at lines 1413--1415
\OT1/cmr/m/n/10 in []$\OT1/cmtt/m/n/10 https : / / github . com / wzj5163 / Clu
ster-[]partition-[]volatility / tree /
 []

[37]
Underfull \hbox (badness 2409) in paragraph at lines 1446--1448
[]\OT1/cmr/m/n/10 Notes: This ta-ble re-ports the mean losses of the dif-fer-en
t volatil-
 []


Underfull \hbox (badness 1881) in paragraph at lines 1446--1448
\OT1/cmr/m/n/10 ity mod-els over the out-of-sample pe-riod with re-spect to two
 MAE
 []


Underfull \hbox (badness 1502) in paragraph at lines 1446--1448
\OT1/cmr/m/n/10 and RMSE. The val-ues in bold face in-di-cate best-performing m
od-els
 []


Underfull \hbox (badness 1472) in paragraph at lines 1446--1448
\OT1/cmr/m/n/10 in []$\OT1/cmtt/m/n/10 https : / / github . com / wzj5163 / Clu
ster-[]partition-[]volatility / tree /
 []

[38]
Overfull \hbox (39.84245pt too wide) in paragraph at lines 1454--1476
 [] 
 []


Overfull \hbox (39.84245pt too wide) in paragraph at lines 1482--1504
 [] 
 []

[39] [40] [41]
<Peimin/Volatility_SP_CP_GARCH_GJR_RSGARCH.png, id=615, 562.2606pt x 421.575pt>

File: Peimin/Volatility_SP_CP_GARCH_GJR_RSGARCH.png Graphic file (type png)
<use Peimin/Volatility_SP_CP_GARCH_GJR_RSGARCH.png>
Package pdftex.def Info: Peimin/Volatility_SP_CP_GARCH_GJR_RSGARCH.png  used on
 input line 1513.
(pdftex.def)             Requested size: 447.81621pt x 335.76805pt.
<Peimin/Volatility_DAX_CP_GARCH_GJR_RSGARCH.png, id=618, 562.2606pt x 421.575pt
>
File: Peimin/Volatility_DAX_CP_GARCH_GJR_RSGARCH.png Graphic file (type png)
<use Peimin/Volatility_DAX_CP_GARCH_GJR_RSGARCH.png>
Package pdftex.def Info: Peimin/Volatility_DAX_CP_GARCH_GJR_RSGARCH.png  used o
n input line 1525.
(pdftex.def)             Requested size: 447.81621pt x 335.76805pt.
<Peimin/Volatility_FTSE_CP_GARCH_GJR_RSGARCH.png, id=621, 562.2606pt x 421.575p
t>
File: Peimin/Volatility_FTSE_CP_GARCH_GJR_RSGARCH.png Graphic file (type png)
<use Peimin/Volatility_FTSE_CP_GARCH_GJR_RSGARCH.png>
Package pdftex.def Info: Peimin/Volatility_FTSE_CP_GARCH_GJR_RSGARCH.png  used 
on input line 1536.
(pdftex.def)             Requested size: 447.81621pt x 335.76805pt.
<Peimin/volatility_forecast_allmodel_SP.png, id=624, 903.375pt x 301.125pt>
File: Peimin/volatility_forecast_allmodel_SP.png Graphic file (type png)
<use Peimin/volatility_forecast_allmodel_SP.png>
Package pdftex.def Info: Peimin/volatility_forecast_allmodel_SP.png  used on in
put line 1550.
(pdftex.def)             Requested size: 358.25432pt x 119.41862pt.
<Peimin/volatility_forecast_allmodel_DAX.png, id=625, 903.375pt x 301.125pt>
File: Peimin/volatility_forecast_allmodel_DAX.png Graphic file (type png)
<use Peimin/volatility_forecast_allmodel_DAX.png>
Package pdftex.def Info: Peimin/volatility_forecast_allmodel_DAX.png  used on i
nput line 1553.
(pdftex.def)             Requested size: 358.25432pt x 119.41862pt.
<Peimin/volatility_forecast_allmodel_FTSE.png, id=626, 903.375pt x 301.125pt>
File: Peimin/volatility_forecast_allmodel_FTSE.png Graphic file (type png)
<use Peimin/volatility_forecast_allmodel_FTSE.png>
Package pdftex.def Info: Peimin/volatility_forecast_allmodel_FTSE.png  used on 
input line 1556.
(pdftex.def)             Requested size: 358.25432pt x 119.41862pt.
<Peimin/VaR_HS_99.png, id=627, 562.2606pt x 421.575pt>
File: Peimin/VaR_HS_99.png Graphic file (type png)
<use Peimin/VaR_HS_99.png>
Package pdftex.def Info: Peimin/VaR_HS_99.png  used on input line 1567.
(pdftex.def)             Requested size: 170.71652pt x 127.99802pt.
<Peimin/VaR_CPRSGARCH_T_99.png, id=628, 562.2606pt x 421.575pt>
File: Peimin/VaR_CPRSGARCH_T_99.png Graphic file (type png)
<use Peimin/VaR_CPRSGARCH_T_99.png>
Package pdftex.def Info: Peimin/VaR_CPRSGARCH_T_99.png  used on input line 1572
.
(pdftex.def)             Requested size: 170.71652pt x 127.99802pt.
 [42

 <./Peimin/Volatility_SP_CP_GARCH_GJR_RSGARCH.png (PNG copy)>] [43 <./Peimin/Vo
latility_DAX_CP_GARCH_GJR_RSGARCH.png (PNG copy)>] [44 <./Peimin/Volatility_FTS
E_CP_GARCH_GJR_RSGARCH.png (PNG copy)>] [45 <./Peimin/volatility_forecast_allmo
del_SP.png (PNG copy)> <./Peimin/volatility_forecast_allmodel_DAX.png (PNG copy
)> <./Peimin/volatility_forecast_allmodel_FTSE.png (PNG copy)> <./Peimin/VaR_HS
_99.png (PNG copy)> <./Peimin/VaR_CPRSGARCH_T_99.png (PNG copy)>] (./Cluster_vo
latility_20221126.aux)
Package rerunfilecheck Info: File `Cluster_volatility_20221126.out' has not cha
nged.
(rerunfilecheck)             Checksum: 235F4956238F9BAD4C3100FFF08BDC2B;2749.
 ) 
Here is how much of TeX's memory you used:
 11678 strings out of 478994
 170524 string characters out of 5858185
 495663 words of memory out of 5000000
 28686 multiletter control sequences out of 15000+600000
 413043 words of font info for 68 fonts, out of 8000000 for 9000
 1141 hyphenation exceptions out of 8191
 83i,12n,88p,1258b,545s stack positions out of 5000i,500n,10000p,200000b,80000s
 </Users/irtg/Library/texlive/2021/texmf-var/fonts/pk/ljfour/public/bbm/bbm12
.600pk></usr/local/texlive/2021/texmf-dist/fonts/type1/public/amsfonts/cm/cmbx1
0.pfb></usr/local/texlive/2021/texmf-dist/fonts/type1/public/amsfonts/cm/cmbx12
.pfb></usr/local/texlive/2021/texmf-dist/fonts/type1/public/amsfonts/cm/cmex10.
pfb></usr/local/texlive/2021/texmf-dist/fonts/type1/public/amsfonts/cm/cmmi10.p
fb></usr/local/texlive/2021/texmf-dist/fonts/type1/public/amsfonts/cm/cmmi12.pf
b></usr/local/texlive/2021/texmf-dist/fonts/type1/public/amsfonts/cm/cmmi5.pfb>
</usr/local/texlive/2021/texmf-dist/fonts/type1/public/amsfonts/cm/cmmi6.pfb></
usr/local/texlive/2021/texmf-dist/fonts/type1/public/amsfonts/cm/cmmi7.pfb></us
r/local/texlive/2021/texmf-dist/fonts/type1/public/amsfonts/cm/cmmi8.pfb></usr/
local/texlive/2021/texmf-dist/fonts/type1/public/amsfonts/cm/cmr10.pfb></usr/lo
cal/texlive/2021/texmf-dist/fonts/type1/public/amsfonts/cm/cmr12.pfb></usr/loca
l/texlive/2021/texmf-dist/fonts/type1/public/amsfonts/cm/cmr17.pfb></usr/local/
texlive/2021/texmf-dist/fonts/type1/public/amsfonts/cm/cmr6.pfb></usr/local/tex
live/2021/texmf-dist/fonts/type1/public/amsfonts/cm/cmr7.pfb></usr/local/texliv
e/2021/texmf-dist/fonts/type1/public/amsfonts/cm/cmr8.pfb></usr/local/texlive/2
021/texmf-dist/fonts/type1/public/amsfonts/cm/cmsy10.pfb></usr/local/texlive/20
21/texmf-dist/fonts/type1/public/amsfonts/cm/cmsy6.pfb></usr/local/texlive/2021
/texmf-dist/fonts/type1/public/amsfonts/cm/cmsy7.pfb></usr/local/texlive/2021/t
exmf-dist/fonts/type1/public/amsfonts/cm/cmsy8.pfb></usr/local/texlive/2021/tex
mf-dist/fonts/type1/public/amsfonts/cm/cmti10.pfb></usr/local/texlive/2021/texm
f-dist/fonts/type1/public/amsfonts/cm/cmti12.pfb></usr/local/texlive/2021/texmf
-dist/fonts/type1/public/amsfonts/cm/cmtt10.pfb></usr/local/texlive/2021/texmf-
dist/fonts/type1/public/amsfonts/symbols/msbm10.pfb>
Output written on Cluster_volatility_20221126.pdf (45 pages, 1151871 bytes).
PDF statistics:
 774 PDF objects out of 1000 (max. 8388607)
 678 compressed objects within 7 object streams
 187 named destinations out of 1000 (max. 500000)
 205 words of extra memory for PDF output out of 10000 (max. 10000000)

